This is pdfTeX, Version 3.141592653-2.6-1.40.22 (MiKTeX 21.3) (preloaded format=pdflatex 2021.4.14)  20 SEP 2021 09:23
entering extended mode
**d:/WORKSPACES_NO_CLOUD/LATEX/SIGE-APRESENTACAO/sige-apresentacao.tex
(d:/WORKSPACES_NO_CLOUD/LATEX/SIGE-APRESENTACAO/sige-apresentacao.tex
LaTeX2e <2020-10-01> patch level 4
L3 programming layer <2021-02-18> (D:\PROGRAMAS\MIKTEX\tex/latex/beamer\beamer.cls
Document Class: beamer 2021/03/19 v3.62 A class for typesetting presentations
(D:\PROGRAMAS\MIKTEX\tex/latex/beamer\beamerbasemodes.sty (D:\PROGRAMAS\MIKTEX\tex/latex/etoolbox\etoolbox.sty
Package: etoolbox 2020/10/05 v2.5k e-TeX tools for LaTeX (JAW)
\etb@tempcnta=\count179
)
\beamer@tempbox=\box47
\beamer@tempcount=\count180
\c@beamerpauses=\count181
 (D:\PROGRAMAS\MIKTEX\tex/latex/beamer\beamerbasedecode.sty
\beamer@slideinframe=\count182
\beamer@minimum=\count183
\beamer@decode@box=\box48
)
\beamer@commentbox=\box49
\beamer@modecount=\count184
) (D:\PROGRAMAS\MIKTEX\tex/generic/iftex\ifpdf.sty
Package: ifpdf 2019/10/25 v3.4 ifpdf legacy package. Use iftex instead.
 (D:\PROGRAMAS\MIKTEX\tex/generic/iftex\iftex.sty
Package: iftex 2020/03/06 v1.0d TeX engine tests
))
\headdp=\dimen138
\footheight=\dimen139
\sidebarheight=\dimen140
\beamer@tempdim=\dimen141
\beamer@finalheight=\dimen142
\beamer@animht=\dimen143
\beamer@animdp=\dimen144
\beamer@animwd=\dimen145
\beamer@leftmargin=\dimen146
\beamer@rightmargin=\dimen147
\beamer@leftsidebar=\dimen148
\beamer@rightsidebar=\dimen149
\beamer@boxsize=\dimen150
\beamer@vboxoffset=\dimen151
\beamer@descdefault=\dimen152
\beamer@descriptionwidth=\dimen153
\beamer@lastskip=\skip47
\beamer@areabox=\box50
\beamer@animcurrent=\box51
\beamer@animshowbox=\box52
\beamer@sectionbox=\box53
\beamer@logobox=\box54
\beamer@linebox=\box55
\beamer@sectioncount=\count185
\beamer@subsubsectionmax=\count186
\beamer@subsectionmax=\count187
\beamer@sectionmax=\count188
\beamer@totalheads=\count189
\beamer@headcounter=\count190
\beamer@partstartpage=\count191
\beamer@sectionstartpage=\count192
\beamer@subsectionstartpage=\count193
\beamer@animationtempa=\count194
\beamer@animationtempb=\count195
\beamer@xpos=\count196
\beamer@ypos=\count197
\beamer@ypos@offset=\count198
\beamer@showpartnumber=\count199
\beamer@currentsubsection=\count266
\beamer@coveringdepth=\count267
\beamer@sectionadjust=\count268
\beamer@tocsectionnumber=\count269
 (D:\PROGRAMAS\MIKTEX\tex/latex/beamer\beamerbaseoptions.sty (D:\PROGRAMAS\MIKTEX\tex/latex/graphics\keyval.sty
Package: keyval 2014/10/28 v1.15 key=value parser (DPC)
\KV@toks@=\toks15
))
\beamer@paperwidth=\skip48
\beamer@paperheight=\skip49
 (D:\PROGRAMAS\MIKTEX\tex/latex/geometry\geometry.sty
Package: geometry 2020/01/02 v5.9 Page Geometry
 (D:\PROGRAMAS\MIKTEX\tex/generic/iftex\ifvtex.sty
Package: ifvtex 2019/10/25 v1.7 ifvtex legacy package. Use iftex instead.
)
\Gm@cnth=\count270
\Gm@cntv=\count271
\c@Gm@tempcnt=\count272
\Gm@bindingoffset=\dimen154
\Gm@wd@mp=\dimen155
\Gm@odd@mp=\dimen156
\Gm@even@mp=\dimen157
\Gm@layoutwidth=\dimen158
\Gm@layoutheight=\dimen159
\Gm@layouthoffset=\dimen160
\Gm@layoutvoffset=\dimen161
\Gm@dimlist=\toks16
 (D:\PROGRAMAS\MIKTEX\tex/latex/geometry\geometry.cfg)) (D:\PROGRAMAS\MIKTEX\tex/latex/base\size11.clo
File: size11.clo 2020/04/10 v1.4m Standard LaTeX file (size option)
) (D:\PROGRAMAS\MIKTEX\tex/latex/pgf/basiclayer\pgfcore.sty (D:\PROGRAMAS\MIKTEX\tex/latex/graphics\graphicx.sty
Package: graphicx 2020/09/09 v1.2b Enhanced LaTeX Graphics (DPC,SPQR)
 (D:\PROGRAMAS\MIKTEX\tex/latex/graphics\graphics.sty
Package: graphics 2020/08/30 v1.4c Standard LaTeX Graphics (DPC,SPQR)
 (D:\PROGRAMAS\MIKTEX\tex/latex/graphics\trig.sty
Package: trig 2016/01/03 v1.10 sin cos tan (DPC)
) (D:\PROGRAMAS\MIKTEX\tex/latex/graphics-cfg\graphics.cfg
File: graphics.cfg 2016/06/04 v1.11 sample graphics configuration
)
Package graphics Info: Driver file: pdftex.def on input line 105.
 (D:\PROGRAMAS\MIKTEX\tex/latex/graphics-def\pdftex.def
File: pdftex.def 2020/10/05 v1.2a Graphics/color driver for pdftex
))
\Gin@req@height=\dimen162
\Gin@req@width=\dimen163
) (D:\PROGRAMAS\MIKTEX\tex/latex/pgf/systemlayer\pgfsys.sty (D:\PROGRAMAS\MIKTEX\tex/latex/pgf/utilities\pgfrcs.sty (D:\PROGRAMAS\MIKTEX\tex/generic/pgf/utilities\pgfutil-common.tex
\pgfutil@everybye=\toks17
\pgfutil@tempdima=\dimen164
\pgfutil@tempdimb=\dimen165
 (D:\PROGRAMAS\MIKTEX\tex/generic/pgf/utilities\pgfutil-common-lists.tex)) (D:\PROGRAMAS\MIKTEX\tex/generic/pgf/utilities\pgfutil-latex.def
\pgfutil@abb=\box56
) (D:\PROGRAMAS\MIKTEX\tex/generic/pgf/utilities\pgfrcs.code.tex (D:\PROGRAMAS\MIKTEX\tex/generic/pgf\pgf.revision.tex)
Package: pgfrcs 2020/12/27 v3.1.8b (3.1.8b)
)) (D:\PROGRAMAS\MIKTEX\tex/generic/pgf/systemlayer\pgfsys.code.tex
Package: pgfsys 2020/12/27 v3.1.8b (3.1.8b)
 (D:\PROGRAMAS\MIKTEX\tex/generic/pgf/utilities\pgfkeys.code.tex
\pgfkeys@pathtoks=\toks18
\pgfkeys@temptoks=\toks19
 (D:\PROGRAMAS\MIKTEX\tex/generic/pgf/utilities\pgfkeysfiltered.code.tex
\pgfkeys@tmptoks=\toks20
))
\pgf@x=\dimen166
\pgf@y=\dimen167
\pgf@xa=\dimen168
\pgf@ya=\dimen169
\pgf@xb=\dimen170
\pgf@yb=\dimen171
\pgf@xc=\dimen172
\pgf@yc=\dimen173
\pgf@xd=\dimen174
\pgf@yd=\dimen175
\w@pgf@writea=\write3
\r@pgf@reada=\read2
\c@pgf@counta=\count273
\c@pgf@countb=\count274
\c@pgf@countc=\count275
\c@pgf@countd=\count276
\t@pgf@toka=\toks21
\t@pgf@tokb=\toks22
\t@pgf@tokc=\toks23
\pgf@sys@id@count=\count277
 (D:\PROGRAMAS\MIKTEX\tex/generic/pgf/systemlayer\pgf.cfg
File: pgf.cfg 2020/12/27 v3.1.8b (3.1.8b)
)
Driver file for pgf: pgfsys-pdftex.def
 (D:\PROGRAMAS\MIKTEX\tex/generic/pgf/systemlayer\pgfsys-pdftex.def
File: pgfsys-pdftex.def 2020/12/27 v3.1.8b (3.1.8b)
 (D:\PROGRAMAS\MIKTEX\tex/generic/pgf/systemlayer\pgfsys-common-pdf.def
File: pgfsys-common-pdf.def 2020/12/27 v3.1.8b (3.1.8b)
))) (D:\PROGRAMAS\MIKTEX\tex/generic/pgf/systemlayer\pgfsyssoftpath.code.tex
File: pgfsyssoftpath.code.tex 2020/12/27 v3.1.8b (3.1.8b)
\pgfsyssoftpath@smallbuffer@items=\count278
\pgfsyssoftpath@bigbuffer@items=\count279
) (D:\PROGRAMAS\MIKTEX\tex/generic/pgf/systemlayer\pgfsysprotocol.code.tex
File: pgfsysprotocol.code.tex 2020/12/27 v3.1.8b (3.1.8b)
)) (D:\PROGRAMAS\MIKTEX\tex/latex/xcolor\xcolor.sty
Package: xcolor 2016/05/11 v2.12 LaTeX color extensions (UK)
 (D:\PROGRAMAS\MIKTEX\tex/latex/graphics-cfg\color.cfg
File: color.cfg 2016/01/02 v1.6 sample color configuration
)
Package xcolor Info: Driver file: pdftex.def on input line 225.
Package xcolor Info: Model `cmy' substituted by `cmy0' on input line 1348.
Package xcolor Info: Model `hsb' substituted by `rgb' on input line 1352.
Package xcolor Info: Model `RGB' extended on input line 1364.
Package xcolor Info: Model `HTML' substituted by `rgb' on input line 1366.
Package xcolor Info: Model `Hsb' substituted by `hsb' on input line 1367.
Package xcolor Info: Model `tHsb' substituted by `hsb' on input line 1368.
Package xcolor Info: Model `HSB' substituted by `hsb' on input line 1369.
Package xcolor Info: Model `Gray' substituted by `gray' on input line 1370.
Package xcolor Info: Model `wave' substituted by `hsb' on input line 1371.
) (D:\PROGRAMAS\MIKTEX\tex/generic/pgf/basiclayer\pgfcore.code.tex
Package: pgfcore 2020/12/27 v3.1.8b (3.1.8b)
 (D:\PROGRAMAS\MIKTEX\tex/generic/pgf/math\pgfmath.code.tex (D:\PROGRAMAS\MIKTEX\tex/generic/pgf/math\pgfmathcalc.code.tex (D:\PROGRAMAS\MIKTEX\tex/generic/pgf/math\pgfmathutil.code.tex) (D:\PROGRAMAS\MIKTEX\tex/generic/pgf/math\pgfmathparser.code.tex
\pgfmath@dimen=\dimen176
\pgfmath@count=\count280
\pgfmath@box=\box57
\pgfmath@toks=\toks24
\pgfmath@stack@operand=\toks25
\pgfmath@stack@operation=\toks26
) (D:\PROGRAMAS\MIKTEX\tex/generic/pgf/math\pgfmathfunctions.code.tex (D:\PROGRAMAS\MIKTEX\tex/generic/pgf/math\pgfmathfunctions.basic.code.tex) (D:\PROGRAMAS\MIKTEX\tex/generic/pgf/math\pgfmathfunctions.trigonometric.code.tex) (D:\PROGRAMAS\MIKTEX\tex/generic/pgf/math\pgfmathfunctions.random.code.tex) (D:\PROGRAMAS\MIKTEX\tex/generic/pgf/math\pgfmathfunctions.comparison.code.tex) (D:\PROGRAMAS\MIKTEX\tex/generic/pgf/math\pgfmathfunctions.base.code.tex) (D:\PROGRAMAS\MIKTEX\tex/generic/pgf/math\pgfmathfunctions.round.code.tex) (D:\PROGRAMAS\MIKTEX\tex/generic/pgf/math\pgfmathfunctions.misc.code.tex) (D:\PROGRAMAS\MIKTEX\tex/generic/pgf/math\pgfmathfunctions.integerarithmetics.code.tex))) (D:\PROGRAMAS\MIKTEX\tex/generic/pgf/math\pgfmathfloat.code.tex
\c@pgfmathroundto@lastzeros=\count281
)) (D:\PROGRAMAS\MIKTEX\tex/generic/pgf/math\pgfint.code.tex) (D:\PROGRAMAS\MIKTEX\tex/generic/pgf/basiclayer\pgfcorepoints.code.tex
File: pgfcorepoints.code.tex 2020/12/27 v3.1.8b (3.1.8b)
\pgf@picminx=\dimen177
\pgf@picmaxx=\dimen178
\pgf@picminy=\dimen179
\pgf@picmaxy=\dimen180
\pgf@pathminx=\dimen181
\pgf@pathmaxx=\dimen182
\pgf@pathminy=\dimen183
\pgf@pathmaxy=\dimen184
\pgf@xx=\dimen185
\pgf@xy=\dimen186
\pgf@yx=\dimen187
\pgf@yy=\dimen188
\pgf@zx=\dimen189
\pgf@zy=\dimen190
) (D:\PROGRAMAS\MIKTEX\tex/generic/pgf/basiclayer\pgfcorepathconstruct.code.tex
File: pgfcorepathconstruct.code.tex 2020/12/27 v3.1.8b (3.1.8b)
\pgf@path@lastx=\dimen191
\pgf@path@lasty=\dimen192
) (D:\PROGRAMAS\MIKTEX\tex/generic/pgf/basiclayer\pgfcorepathusage.code.tex
File: pgfcorepathusage.code.tex 2020/12/27 v3.1.8b (3.1.8b)
\pgf@shorten@end@additional=\dimen193
\pgf@shorten@start@additional=\dimen194
) (D:\PROGRAMAS\MIKTEX\tex/generic/pgf/basiclayer\pgfcorescopes.code.tex
File: pgfcorescopes.code.tex 2020/12/27 v3.1.8b (3.1.8b)
\pgfpic=\box58
\pgf@hbox=\box59
\pgf@layerbox@main=\box60
\pgf@picture@serial@count=\count282
) (D:\PROGRAMAS\MIKTEX\tex/generic/pgf/basiclayer\pgfcoregraphicstate.code.tex
File: pgfcoregraphicstate.code.tex 2020/12/27 v3.1.8b (3.1.8b)
\pgflinewidth=\dimen195
) (D:\PROGRAMAS\MIKTEX\tex/generic/pgf/basiclayer\pgfcoretransformations.code.tex
File: pgfcoretransformations.code.tex 2020/12/27 v3.1.8b (3.1.8b)
\pgf@pt@x=\dimen196
\pgf@pt@y=\dimen197
\pgf@pt@temp=\dimen198
) (D:\PROGRAMAS\MIKTEX\tex/generic/pgf/basiclayer\pgfcorequick.code.tex
File: pgfcorequick.code.tex 2020/12/27 v3.1.8b (3.1.8b)
) (D:\PROGRAMAS\MIKTEX\tex/generic/pgf/basiclayer\pgfcoreobjects.code.tex
File: pgfcoreobjects.code.tex 2020/12/27 v3.1.8b (3.1.8b)
) (D:\PROGRAMAS\MIKTEX\tex/generic/pgf/basiclayer\pgfcorepathprocessing.code.tex
File: pgfcorepathprocessing.code.tex 2020/12/27 v3.1.8b (3.1.8b)
) (D:\PROGRAMAS\MIKTEX\tex/generic/pgf/basiclayer\pgfcorearrows.code.tex
File: pgfcorearrows.code.tex 2020/12/27 v3.1.8b (3.1.8b)
\pgfarrowsep=\dimen199
) (D:\PROGRAMAS\MIKTEX\tex/generic/pgf/basiclayer\pgfcoreshade.code.tex
File: pgfcoreshade.code.tex 2020/12/27 v3.1.8b (3.1.8b)
\pgf@max=\dimen256
\pgf@sys@shading@range@num=\count283
\pgf@shadingcount=\count284
) (D:\PROGRAMAS\MIKTEX\tex/generic/pgf/basiclayer\pgfcoreimage.code.tex
File: pgfcoreimage.code.tex 2020/12/27 v3.1.8b (3.1.8b)
 (D:\PROGRAMAS\MIKTEX\tex/generic/pgf/basiclayer\pgfcoreexternal.code.tex
File: pgfcoreexternal.code.tex 2020/12/27 v3.1.8b (3.1.8b)
\pgfexternal@startupbox=\box61
)) (D:\PROGRAMAS\MIKTEX\tex/generic/pgf/basiclayer\pgfcorelayers.code.tex
File: pgfcorelayers.code.tex 2020/12/27 v3.1.8b (3.1.8b)
) (D:\PROGRAMAS\MIKTEX\tex/generic/pgf/basiclayer\pgfcoretransparency.code.tex
File: pgfcoretransparency.code.tex 2020/12/27 v3.1.8b (3.1.8b)
) (D:\PROGRAMAS\MIKTEX\tex/generic/pgf/basiclayer\pgfcorepatterns.code.tex
File: pgfcorepatterns.code.tex 2020/12/27 v3.1.8b (3.1.8b)
) (D:\PROGRAMAS\MIKTEX\tex/generic/pgf/basiclayer\pgfcorerdf.code.tex
File: pgfcorerdf.code.tex 2020/12/27 v3.1.8b (3.1.8b)
))) (D:\PROGRAMAS\MIKTEX\tex/latex/pgf/utilities\xxcolor.sty
Package: xxcolor 2003/10/24 ver 0.1
\XC@nummixins=\count285
\XC@countmixins=\count286
) (D:\PROGRAMAS\MIKTEX\tex/latex/base\atbegshi-ltx.sty
Package: atbegshi-ltx 2020/08/17 v1.0a Emulation of the original atbegshi package
with kernel methods
) (D:\PROGRAMAS\MIKTEX\tex/latex/hyperref\hyperref.sty
Package: hyperref 2021-02-27 v7.00k Hypertext links for LaTeX
 (D:\PROGRAMAS\MIKTEX\tex/generic/ltxcmds\ltxcmds.sty
Package: ltxcmds 2020-05-10 v1.25 LaTeX kernel commands for general use (HO)
) (D:\PROGRAMAS\MIKTEX\tex/generic/pdftexcmds\pdftexcmds.sty
Package: pdftexcmds 2020-06-27 v0.33 Utility functions of pdfTeX for LuaTeX (HO)
 (D:\PROGRAMAS\MIKTEX\tex/generic/infwarerr\infwarerr.sty
Package: infwarerr 2019/12/03 v1.5 Providing info/warning/error messages (HO)
)
Package pdftexcmds Info: \pdf@primitive is available.
Package pdftexcmds Info: \pdf@ifprimitive is available.
Package pdftexcmds Info: \pdfdraftmode found.
) (D:\PROGRAMAS\MIKTEX\tex/generic/kvsetkeys\kvsetkeys.sty
Package: kvsetkeys 2019/12/15 v1.18 Key value parser (HO)
) (D:\PROGRAMAS\MIKTEX\tex/generic/kvdefinekeys\kvdefinekeys.sty
Package: kvdefinekeys 2019-12-19 v1.6 Define keys (HO)
) (D:\PROGRAMAS\MIKTEX\tex/generic/pdfescape\pdfescape.sty
Package: pdfescape 2019/12/09 v1.15 Implements pdfTeX's escape features (HO)
) (D:\PROGRAMAS\MIKTEX\tex/latex/hycolor\hycolor.sty
Package: hycolor 2020-01-27 v1.10 Color options for hyperref/bookmark (HO)
) (D:\PROGRAMAS\MIKTEX\tex/latex/letltxmacro\letltxmacro.sty
Package: letltxmacro 2019/12/03 v1.6 Let assignment for LaTeX macros (HO)
) (D:\PROGRAMAS\MIKTEX\tex/latex/auxhook\auxhook.sty
Package: auxhook 2019-12-17 v1.6 Hooks for auxiliary files (HO)
) (D:\PROGRAMAS\MIKTEX\tex/latex/kvoptions\kvoptions.sty
Package: kvoptions 2020-10-07 v3.14 Key value format for package options (HO)
)
\@linkdim=\dimen257
\Hy@linkcounter=\count287
\Hy@pagecounter=\count288
 (D:\PROGRAMAS\MIKTEX\tex/latex/hyperref\pd1enc.def
File: pd1enc.def 2021-02-27 v7.00k Hyperref: PDFDocEncoding definition (HO)
Now handling font encoding PD1 ...
... no UTF-8 mapping file for font encoding PD1
) (D:\PROGRAMAS\MIKTEX\tex/latex/hyperref\hyperref-langpatches.def
File: hyperref-langpatches.def 2021-02-27 v7.00k Hyperref: patches for babel languages
) (D:\PROGRAMAS\MIKTEX\tex/generic/intcalc\intcalc.sty
Package: intcalc 2019/12/15 v1.3 Expandable calculations with integers (HO)
) (D:\PROGRAMAS\MIKTEX\tex/generic/etexcmds\etexcmds.sty
Package: etexcmds 2019/12/15 v1.7 Avoid name clashes with e-TeX commands (HO)
)
\Hy@SavedSpaceFactor=\count289
 (D:\PROGRAMAS\MIKTEX\tex/latex/hyperref\puenc.def
File: puenc.def 2021-02-27 v7.00k Hyperref: PDF Unicode definition (HO)
Now handling font encoding PU ...
... no UTF-8 mapping file for font encoding PU
)
Package hyperref Info: Option `bookmarks' set `true' on input line 4073.
Package hyperref Info: Option `bookmarksopen' set `true' on input line 4073.
Package hyperref Info: Option `implicit' set `false' on input line 4073.
Package hyperref Info: Hyper figures OFF on input line 4192.
Package hyperref Info: Link nesting OFF on input line 4197.
Package hyperref Info: Hyper index ON on input line 4200.
Package hyperref Info: Plain pages OFF on input line 4207.
Package hyperref Info: Backreferencing OFF on input line 4212.
Package hyperref Info: Implicit mode OFF; no redefinition of LaTeX internals.
Package hyperref Info: Bookmarks ON on input line 4445.
\c@Hy@tempcnt=\count290
 (D:\PROGRAMAS\MIKTEX\tex/latex/url\url.sty
\Urlmuskip=\muskip16
Package: url 2013/09/16  ver 3.4  Verb mode for urls, etc.
)
LaTeX Info: Redefining \url on input line 4804.
\XeTeXLinkMargin=\dimen258
 (D:\PROGRAMAS\MIKTEX\tex/generic/bitset\bitset.sty
Package: bitset 2019/12/09 v1.3 Handle bit-vector datatype (HO)
 (D:\PROGRAMAS\MIKTEX\tex/generic/bigintcalc\bigintcalc.sty
Package: bigintcalc 2019/12/15 v1.5 Expandable calculations on big integers (HO)
))
\Fld@menulength=\count291
\Field@Width=\dimen259
\Fld@charsize=\dimen260
Package hyperref Info: Hyper figures OFF on input line 6075.
Package hyperref Info: Link nesting OFF on input line 6080.
Package hyperref Info: Hyper index ON on input line 6083.
Package hyperref Info: backreferencing OFF on input line 6090.
Package hyperref Info: Link coloring OFF on input line 6095.
Package hyperref Info: Link coloring with OCG OFF on input line 6100.
Package hyperref Info: PDF/A mode OFF on input line 6105.
LaTeX Info: Redefining \ref on input line 6145.
LaTeX Info: Redefining \pageref on input line 6149.
\Hy@abspage=\count292


Package hyperref Message: Stopped early.

)
Package hyperref Info: Driver (autodetected): hpdftex.
 (D:\PROGRAMAS\MIKTEX\tex/latex/hyperref\hpdftex.def
File: hpdftex.def 2021-02-27 v7.00k Hyperref driver for pdfTeX
 (D:\PROGRAMAS\MIKTEX\tex/latex/base\atveryend-ltx.sty
Package: atveryend-ltx 2020/08/19 v1.0a Emulation of the original atvery package
with kernel methods
)
\Fld@listcount=\count293
\c@bookmark@seq@number=\count294
 (D:\PROGRAMAS\MIKTEX\tex/latex/rerunfilecheck\rerunfilecheck.sty
Package: rerunfilecheck 2019/12/05 v1.9 Rerun checks for auxiliary files (HO)
 (D:\PROGRAMAS\MIKTEX\tex/generic/uniquecounter\uniquecounter.sty
Package: uniquecounter 2019/12/15 v1.4 Provide unlimited unique counter (HO)
)
Package uniquecounter Info: New unique counter `rerunfilecheck' on input line 286.
)) (D:\PROGRAMAS\MIKTEX\tex/latex/beamer\beamerbaserequires.sty (D:\PROGRAMAS\MIKTEX\tex/latex/beamer\beamerbasecompatibility.sty) (D:\PROGRAMAS\MIKTEX\tex/latex/beamer\beamerbasefont.sty (D:\PROGRAMAS\MIKTEX\tex/latex/amsfonts\amssymb.sty
Package: amssymb 2013/01/14 v3.01 AMS font symbols
 (D:\PROGRAMAS\MIKTEX\tex/latex/amsfonts\amsfonts.sty
Package: amsfonts 2013/01/14 v3.01 Basic AMSFonts support
\@emptytoks=\toks27
\symAMSa=\mathgroup4
\symAMSb=\mathgroup5
LaTeX Font Info:    Redeclaring math symbol \hbar on input line 98.
LaTeX Font Info:    Overwriting math alphabet `\mathfrak' in version `bold'
(Font)                  U/euf/m/n --> U/euf/b/n on input line 106.
)) (D:\PROGRAMAS\MIKTEX\tex/latex/sansmathaccent\sansmathaccent.sty
Package: sansmathaccent 2020/01/31
 (D:\PROGRAMAS\MIKTEX\tex/latex/koma-script\scrlfile.sty
Package: scrlfile 2021/03/17 v3.33 KOMA-Script package (file load hooks)
 (D:\PROGRAMAS\MIKTEX\tex/latex/koma-script\scrlfile-hook.sty
Package: scrlfile-hook 2021/03/17 v3.33 KOMA-Script package (using LaTeX hooks)

LaTeX3 Info: Defining command \BeforeFile with sig. 'm' on line 61.


LaTeX3 Info: Defining command \AfterFile with sig. 'm' on line 65.


LaTeX3 Info: Defining command \BeforeClass with sig. 'm' on line 69.


LaTeX3 Info: Defining command \BeforePackage with sig. 'm' on line 73.


LaTeX3 Info: Defining command \AfterAtEndOfClass with sig. 'smo+m' on line 83.


LaTeX3 Info: Defining command \AfterAtEndOfPackage with sig. 'smo+m' on line
(LaTeX3)     93.


LaTeX3 Info: Defining command \scrlfile@AfterClass with sig. 'smo+m' on line
(LaTeX3)     173.


LaTeX3 Info: Defining command \AfterClass with sig. '' on line 174.


LaTeX3 Info: Defining command \scrlfile@AfterPackage with sig. 'smo+m' on line
(LaTeX3)     191.


LaTeX3 Info: Defining command \AfterPackage with sig. '' on line 192.


LaTeX3 Info: Defining command \ReplaceInput with sig. '' on line 193.


LaTeX3 Info: Defining command \ReplaceClass with sig. 'mm' on line 196.


LaTeX3 Info: Defining command \ReplacePackage with sig. 'mm' on line 199.


LaTeX3 Info: Defining command \UnReplaceInput with sig. '' on line 200.


LaTeX3 Info: Defining command \UnReplaceClass with sig. 'm' on line 203.


LaTeX3 Info: Defining command \UnReplacePackage with sig. 'mm' on line 206.


LaTeX3 Info: Defining command \PreventPackageFromLoading with sig. 's+om' on
(LaTeX3)     line 234.


LaTeX3 Info: Defining command \StorePreventPackageFromLoading with sig. 'm' on
(LaTeX3)     line 242.


LaTeX3 Info: Defining command \ResetPreventPackageFromLoading with sig. '' on
(LaTeX3)     line 247.


LaTeX3 Info: Defining command \UnPreventPackageFromLoading with sig. 'sm' on
(LaTeX3)     line 261.


LaTeX3 Info: Defining command \BeforeClosingMainAux with sig. 'om' on line
(LaTeX3)     274.


LaTeX3 Info: Defining command \AfterReadingMainAux with sig. 'om' on line 287.


LaTeX3 Info: Defining command \protected@immediate@write with sig. 'm+m+m' on
(LaTeX3)     line 298.

 (D:\PROGRAMAS\MIKTEX\tex/latex/koma-script\scrlogo.sty
Package: scrlogo 2021/03/17 v3.33 KOMA-Script package (logo)
))))) (D:\PROGRAMAS\MIKTEX\tex/latex/beamer\beamerbasetranslator.sty (D:\PROGRAMAS\MIKTEX\tex/latex/translator\translator.sty
Package: translator 2020-08-03 v1.12c Easy translation of strings in LaTeX
)) (D:\PROGRAMAS\MIKTEX\tex/latex/beamer\beamerbasemisc.sty) (D:\PROGRAMAS\MIKTEX\tex/latex/beamer\beamerbasetwoscreens.sty) (D:\PROGRAMAS\MIKTEX\tex/latex/beamer\beamerbaseoverlay.sty
\beamer@argscount=\count295
\beamer@lastskipcover=\skip50
\beamer@trivlistdepth=\count296
) (D:\PROGRAMAS\MIKTEX\tex/latex/beamer\beamerbasetitle.sty) (D:\PROGRAMAS\MIKTEX\tex/latex/beamer\beamerbasesection.sty
\c@lecture=\count297
\c@part=\count298
\c@section=\count299
\c@subsection=\count300
\c@subsubsection=\count301
) (D:\PROGRAMAS\MIKTEX\tex/latex/beamer\beamerbaseframe.sty
\beamer@framebox=\box62
\beamer@frametitlebox=\box63
\beamer@zoombox=\box64
\beamer@zoomcount=\count302
\beamer@zoomframecount=\count303
\beamer@frametextheight=\dimen261
\c@subsectionslide=\count304
\beamer@frametopskip=\skip51
\beamer@framebottomskip=\skip52
\beamer@frametopskipautobreak=\skip53
\beamer@framebottomskipautobreak=\skip54
\beamer@envbody=\toks28
\framewidth=\dimen262
\c@framenumber=\count305
) (D:\PROGRAMAS\MIKTEX\tex/latex/beamer\beamerbaseverbatim.sty
\beamer@verbatimfileout=\write4
) (D:\PROGRAMAS\MIKTEX\tex/latex/beamer\beamerbaseframesize.sty
\beamer@splitbox=\box65
\beamer@autobreakcount=\count306
\beamer@autobreaklastheight=\dimen263
\beamer@frametitletoks=\toks29
\beamer@framesubtitletoks=\toks30
) (D:\PROGRAMAS\MIKTEX\tex/latex/beamer\beamerbaseframecomponents.sty
\beamer@footins=\box66
) (D:\PROGRAMAS\MIKTEX\tex/latex/beamer\beamerbasecolor.sty) (D:\PROGRAMAS\MIKTEX\tex/latex/beamer\beamerbasenotes.sty
\beamer@frameboxcopy=\box67
) (D:\PROGRAMAS\MIKTEX\tex/latex/beamer\beamerbasetoc.sty) (D:\PROGRAMAS\MIKTEX\tex/latex/beamer\beamerbasetemplates.sty
\beamer@sbttoks=\toks31
 (D:\PROGRAMAS\MIKTEX\tex/latex/beamer\beamerbaseauxtemplates.sty (D:\PROGRAMAS\MIKTEX\tex/latex/beamer\beamerbaseboxes.sty
\bmb@box=\box68
\bmb@colorbox=\box69
\bmb@boxwidth=\dimen264
\bmb@boxheight=\dimen265
\bmb@prevheight=\dimen266
\bmb@temp=\dimen267
\bmb@dima=\dimen268
\bmb@dimb=\dimen269
\bmb@prevheight=\dimen270
)
\beamer@blockheadheight=\dimen271
)) (D:\PROGRAMAS\MIKTEX\tex/latex/beamer\beamerbaselocalstructure.sty (D:\PROGRAMAS\MIKTEX\tex/latex/latex-tools\enumerate.sty
Package: enumerate 2015/07/23 v3.00 enumerate extensions (DPC)
\@enLab=\toks32
)
\beamer@bibiconwidth=\skip55
\c@figure=\count307
\c@table=\count308
\abovecaptionskip=\skip56
\belowcaptionskip=\skip57
) (D:\PROGRAMAS\MIKTEX\tex/latex/beamer\beamerbasenavigation.sty
\beamer@section@min@dim=\dimen272
) (D:\PROGRAMAS\MIKTEX\tex/latex/beamer\beamerbasetheorems.sty (D:\PROGRAMAS\MIKTEX\tex/latex/amsmath\amsmath.sty
Package: amsmath 2020/09/23 v2.17i AMS math features
\@mathmargin=\skip58

For additional information on amsmath, use the `?' option.
(D:\PROGRAMAS\MIKTEX\tex/latex/amsmath\amstext.sty
Package: amstext 2000/06/29 v2.01 AMS text
 (D:\PROGRAMAS\MIKTEX\tex/latex/amsmath\amsgen.sty
File: amsgen.sty 1999/11/30 v2.0 generic functions
\@emptytoks=\toks33
\ex@=\dimen273
)) (D:\PROGRAMAS\MIKTEX\tex/latex/amsmath\amsbsy.sty
Package: amsbsy 1999/11/29 v1.2d Bold Symbols
\pmbraise@=\dimen274
) (D:\PROGRAMAS\MIKTEX\tex/latex/amsmath\amsopn.sty
Package: amsopn 2016/03/08 v2.02 operator names
)
\inf@bad=\count309
LaTeX Info: Redefining \frac on input line 234.
\uproot@=\count310
\leftroot@=\count311
LaTeX Info: Redefining \overline on input line 399.
\classnum@=\count312
\DOTSCASE@=\count313
LaTeX Info: Redefining \ldots on input line 496.
LaTeX Info: Redefining \dots on input line 499.
LaTeX Info: Redefining \cdots on input line 620.
\Mathstrutbox@=\box70
\strutbox@=\box71
\big@size=\dimen275
LaTeX Font Info:    Redeclaring font encoding OML on input line 743.
LaTeX Font Info:    Redeclaring font encoding OMS on input line 744.
\macc@depth=\count314
\c@MaxMatrixCols=\count315
\dotsspace@=\muskip17
\c@parentequation=\count316
\dspbrk@lvl=\count317
\tag@help=\toks34
\row@=\count318
\column@=\count319
\maxfields@=\count320
\andhelp@=\toks35
\eqnshift@=\dimen276
\alignsep@=\dimen277
\tagshift@=\dimen278
\tagwidth@=\dimen279
\totwidth@=\dimen280
\lineht@=\dimen281
\@envbody=\toks36
\multlinegap=\skip59
\multlinetaggap=\skip60
\mathdisplay@stack=\toks37
LaTeX Info: Redefining \[ on input line 2923.
LaTeX Info: Redefining \] on input line 2924.
) (D:\PROGRAMAS\MIKTEX\tex/latex/amscls\amsthm.sty
Package: amsthm 2020/05/29 v2.20.6
\thm@style=\toks38
\thm@bodyfont=\toks39
\thm@headfont=\toks40
\thm@notefont=\toks41
\thm@headpunct=\toks42
\thm@preskip=\skip61
\thm@postskip=\skip62
\thm@headsep=\skip63
\dth@everypar=\toks43
)
\c@theorem=\count321
) (D:\PROGRAMAS\MIKTEX\tex/latex/beamer\beamerbasethemes.sty)) (D:\PROGRAMAS\MIKTEX\tex/latex/beamer\beamerthemedefault.sty (D:\PROGRAMAS\MIKTEX\tex/latex/beamer\beamerfontthemedefault.sty) (D:\PROGRAMAS\MIKTEX\tex/latex/beamer\beamercolorthemedefault.sty) (D:\PROGRAMAS\MIKTEX\tex/latex/beamer\beamerinnerthemedefault.sty
\beamer@dima=\dimen282
\beamer@dimb=\dimen283
) (D:\PROGRAMAS\MIKTEX\tex/latex/beamer\beamerouterthemedefault.sty))) (D:\PROGRAMAS\MIKTEX\tex/latex/beamer\beamerthemeFrankfurt.sty (D:\PROGRAMAS\MIKTEX\tex/latex/beamer\beamerouterthemesmoothbars.sty) (D:\PROGRAMAS\MIKTEX\tex/latex/beamer\beamerinnerthemerounded.sty) (D:\PROGRAMAS\MIKTEX\tex/latex/beamer\beamercolorthemeorchid.sty) (D:\PROGRAMAS\MIKTEX\tex/latex/beamer\beamercolorthemewhale.sty)) (D:\PROGRAMAS\MIKTEX\tex/generic/babel\babel.sty
Package: babel 2021/03/24 3.56 The Babel package
 (D:\PROGRAMAS\MIKTEX\tex/generic/babel\babel.def
File: babel.def 2021/03/24 3.56 Babel common definitions
\babel@savecnt=\count322
\U@D=\dimen284
\l@babelnohyphens=\language79
 (D:\PROGRAMAS\MIKTEX\tex/generic/babel\txtbabel.def)
\bbl@readstream=\read3
)
LaTeX Info: Redefining \textlatin on input line 717.
\bbl@dirlevel=\count323

*************************************
* Local config file bblopts.cfg used
*
(D:\PROGRAMAS\MIKTEX\tex/latex/arabi\bblopts.cfg
File: bblopts.cfg 2005/09/08 v0.1 add Arabic and Farsi to "declared" options of babel
) (D:\PROGRAMAS\MIKTEX\tex/latex/babel-portuges\portuguese.ldf
Language: portuges 2021/02/04 v1.2s Portuguese support from the babel system
Package babel Info: Making " an active character on input line 143.
)) (D:\PROGRAMAS\MIKTEX\tex/latex/base\inputenc.sty
Package: inputenc 2020/08/01 v1.3d Input encoding file
\inpenc@prehook=\toks44
\inpenc@posthook=\toks45
) (D:\PROGRAMAS\MIKTEX\tex/latex/psnfss\times.sty
Package: times 2020/03/25 PSNFSS-v9.3 (SPQR) 
) (D:\PROGRAMAS\MIKTEX\tex/latex/base\fontenc.sty
Package: fontenc 2020/08/10 v2.0s Standard LaTeX package
LaTeX Font Info:    Trying to load font information for T1+phv on input line 112.
 (D:\PROGRAMAS\MIKTEX\tex/latex/psnfss\t1phv.fd
File: t1phv.fd 2020/03/25 scalable font definitions for T1/phv.
)) (D:\PROGRAMAS\MIKTEX\tex/latex/textpos\textpos.sty
Package: textpos 2020/09/26 v1.10

Package: textpos 2020/09/26 1.10, absolute positioning of text on the page
Package textpos Info: choosing support for LaTeX3 on input line 61.
\TP@textbox=\box72
\TP@holdbox=\box73
\TPHorizModule=\dimen285
\TPVertModule=\dimen286
\TP@margin=\dimen287
\TP@absmargin=\dimen288
Grid set 16 x 16 = 28.45274pt x 16.00467pt
\TPboxrulesize=\dimen289
\TP@ox=\dimen290
\TP@oy=\dimen291
\TP@tbargs=\toks46
TextBlockOrigin set to 0pt x 0pt
) (D:\PROGRAMAS\MIKTEX\tex/latex/biblatex\biblatex.sty
Package: biblatex 2020/12/31 v3.16 programmable bibliographies (PK/MW)
 (D:\PROGRAMAS\MIKTEX\tex/latex/logreq\logreq.sty
Package: logreq 2010/08/04 v1.0 xml request logger
\lrq@indent=\count324
 (D:\PROGRAMAS\MIKTEX\tex/latex/logreq\logreq.def
File: logreq.def 2010/08/04 v1.0 logreq spec v1.0
)) (D:\PROGRAMAS\MIKTEX\tex/latex/base\ifthen.sty
Package: ifthen 2014/09/29 v1.1c Standard LaTeX ifthen package (DPC)
)
\c@tabx@nest=\count325
\c@listtotal=\count326
\c@listcount=\count327
\c@liststart=\count328
\c@liststop=\count329
\c@citecount=\count330
\c@citetotal=\count331
\c@multicitecount=\count332
\c@multicitetotal=\count333
\c@instcount=\count334
\c@maxnames=\count335
\c@minnames=\count336
\c@maxitems=\count337
\c@minitems=\count338
\c@citecounter=\count339
\c@maxcitecounter=\count340
\c@savedcitecounter=\count341
\c@uniquelist=\count342
\c@uniquename=\count343
\c@refsection=\count344
\c@refsegment=\count345
\c@maxextratitle=\count346
\c@maxextratitleyear=\count347
\c@maxextraname=\count348
\c@maxextradate=\count349
\c@maxextraalpha=\count350
\c@abbrvpenalty=\count351
\c@highnamepenalty=\count352
\c@lownamepenalty=\count353
\c@maxparens=\count354
\c@parenlevel=\count355
\blx@tempcnta=\count356
\blx@tempcntb=\count357
\blx@tempcntc=\count358
\blx@maxsection=\count359
\blx@maxsegment@0=\count360
\blx@notetype=\count361
\blx@parenlevel@text=\count362
\blx@parenlevel@foot=\count363
\blx@sectionciteorder@0=\count364
\blx@entrysetcounter=\count365
\blx@biblioinstance=\count366
\labelnumberwidth=\skip64
\labelalphawidth=\skip65
\biblabelsep=\skip66
\bibitemsep=\skip67
\bibnamesep=\skip68
\bibinitsep=\skip69
\bibparsep=\skip70
\bibhang=\skip71
\blx@bcfin=\read4
\blx@bcfout=\write5
\blx@langwohyphens=\language80
\c@mincomprange=\count367
\c@maxcomprange=\count368
\c@mincompwidth=\count369
Package biblatex Info: Trying to load biblatex default data model...
Package biblatex Info: ... file 'blx-dm.def' found.
 (D:\PROGRAMAS\MIKTEX\tex/latex/biblatex\blx-dm.def
File: blx-dm.def 2020/12/31 v3.16 biblatex localization (PK/MW)
)
Package biblatex Info: Trying to load biblatex style data model...
Package biblatex Info: ... file 'authoryear-comp.dbx' not found.
Package biblatex Info: Trying to load biblatex custom data model...
Package biblatex Info: ... file 'biblatex-dm.cfg' not found.
\c@afterword=\count370
\c@savedafterword=\count371
\c@annotator=\count372
\c@savedannotator=\count373
\c@author=\count374
\c@savedauthor=\count375
\c@bookauthor=\count376
\c@savedbookauthor=\count377
\c@commentator=\count378
\c@savedcommentator=\count379
\c@editor=\count380
\c@savededitor=\count381
\c@editora=\count382
\c@savededitora=\count383
\c@editorb=\count384
\c@savededitorb=\count385
\c@editorc=\count386
\c@savededitorc=\count387
\c@foreword=\count388
\c@savedforeword=\count389
\c@holder=\count390
\c@savedholder=\count391
\c@introduction=\count392
\c@savedintroduction=\count393
\c@namea=\count394
\c@savednamea=\count395
\c@nameb=\count396
\c@savednameb=\count397
\c@namec=\count398
\c@savednamec=\count399
\c@translator=\count400
\c@savedtranslator=\count401
\c@shortauthor=\count402
\c@savedshortauthor=\count403
\c@shorteditor=\count404
\c@savedshorteditor=\count405
\c@labelname=\count406
\c@savedlabelname=\count407
\c@institution=\count408
\c@savedinstitution=\count409
\c@lista=\count410
\c@savedlista=\count411
\c@listb=\count412
\c@savedlistb=\count413
\c@listc=\count414
\c@savedlistc=\count415
\c@listd=\count416
\c@savedlistd=\count417
\c@liste=\count418
\c@savedliste=\count419
\c@listf=\count420
\c@savedlistf=\count421
\c@location=\count422
\c@savedlocation=\count423
\c@organization=\count424
\c@savedorganization=\count425
\c@origlocation=\count426
\c@savedoriglocation=\count427
\c@origpublisher=\count428
\c@savedorigpublisher=\count429
\c@publisher=\count430
\c@savedpublisher=\count431
\c@language=\count432
\c@savedlanguage=\count433
\c@origlanguage=\count434
\c@savedoriglanguage=\count435
\c@pageref=\count436
\c@savedpageref=\count437
\shorthandwidth=\skip72
\shortjournalwidth=\skip73
\shortserieswidth=\skip74
\shorttitlewidth=\skip75
\shortauthorwidth=\skip76
\shorteditorwidth=\skip77
\locallabelnumberwidth=\skip78
\locallabelalphawidth=\skip79
\localshorthandwidth=\skip80
\localshortjournalwidth=\skip81
\localshortserieswidth=\skip82
\localshorttitlewidth=\skip83
\localshortauthorwidth=\skip84
\localshorteditorwidth=\skip85
Package biblatex Info: Trying to load compatibility code...
Package biblatex Info: ... file 'blx-compat.def' found.
 (D:\PROGRAMAS\MIKTEX\tex/latex/biblatex\blx-compat.def
File: blx-compat.def 2020/12/31 v3.16 biblatex compatibility (PK/MW)
)
Package biblatex Info: Trying to load generic definitions...
Package biblatex Info: ... file 'biblatex.def' found.
 (D:\PROGRAMAS\MIKTEX\tex/latex/biblatex\biblatex.def
File: biblatex.def 2020/12/31 v3.16 biblatex compatibility (PK/MW)
\c@textcitecount=\count438
\c@textcitetotal=\count439
\c@textcitemaxnames=\count440
\c@biburlbigbreakpenalty=\count441
\c@biburlbreakpenalty=\count442
\c@biburlnumpenalty=\count443
\c@biburlucpenalty=\count444
\c@biburllcpenalty=\count445
\biburlbigskip=\muskip18
\biburlnumskip=\muskip19
\biburlucskip=\muskip20
\biburllcskip=\muskip21
\c@smartand=\count446
)
Package biblatex Info: Trying to load bibliography style 'authoryear-comp'...
Package biblatex Info: ... file 'authoryear-comp.bbx' found.
 (D:\PROGRAMAS\MIKTEX\tex/latex/biblatex/bbx\authoryear-comp.bbx
File: authoryear-comp.bbx 2020/12/31 v3.16 biblatex bibliography style (PK/MW)
Package biblatex Info: Trying to load bibliography style 'authoryear'...
Package biblatex Info: ... file 'authoryear.bbx' found.
 (D:\PROGRAMAS\MIKTEX\tex/latex/biblatex/bbx\authoryear.bbx
File: authoryear.bbx 2020/12/31 v3.16 biblatex bibliography style (PK/MW)
Package biblatex Info: Trying to load bibliography style 'standard'...
Package biblatex Info: ... file 'standard.bbx' found.
 (D:\PROGRAMAS\MIKTEX\tex/latex/biblatex/bbx\standard.bbx
File: standard.bbx 2020/12/31 v3.16 biblatex bibliography style (PK/MW)
\c@bbx:relatedcount=\count447
\c@bbx:relatedtotal=\count448
)))
Package biblatex Info: Trying to load citation style 'authoryear-comp'...
Package biblatex Info: ... file 'authoryear-comp.cbx' found.
 (D:\PROGRAMAS\MIKTEX\tex/latex/biblatex/cbx\authoryear-comp.cbx
File: authoryear-comp.cbx 2020/12/31 v3.16 biblatex citation style (PK/MW)
Package biblatex Info: Redefining '\cite'.
Package biblatex Info: Redefining '\parencite'.
Package biblatex Info: Redefining '\footcite'.
Package biblatex Info: Redefining '\footcitetext'.
Package biblatex Info: Redefining '\smartcite'.
Package biblatex Info: Redefining '\textcite'.
Package biblatex Info: Redefining '\textcites'.
Package biblatex Info: Redefining '\cites'.
Package biblatex Info: Redefining '\parencites'.
Package biblatex Info: Redefining '\footcites'.
Package biblatex Info: Redefining '\footcitetexts'.
Package biblatex Info: Redefining '\smartcites'.
)
Package biblatex Info: Trying to load configuration file...
Package biblatex Info: ... file 'biblatex.cfg' found.
 (D:\PROGRAMAS\MIKTEX\tex/latex/biblatex\biblatex.cfg
File: biblatex.cfg 
)) (D:\PROGRAMAS\MIKTEX\tex/latex/caption\caption.sty
Package: caption 2020/10/26 v3.5g Customizing captions (AR)
 (D:\PROGRAMAS\MIKTEX\tex/latex/caption\caption3.sty
Package: caption3 2020/10/21 v2.2e caption3 kernel (AR)
\captionmargin=\dimen292
\captionmargin@=\dimen293
\captionwidth=\dimen294
\caption@tempdima=\dimen295
\caption@indent=\dimen296
\caption@parindent=\dimen297
\caption@hangindent=\dimen298
Package caption Info: beamer document class detected.
 (D:\PROGRAMAS\MIKTEX\tex/latex/caption\caption-beamer.sto
File: caption-beamer.sto 2020/08/22 v2.0 Adaption of the caption package to the beamer document classes (AR)
))
\c@caption@flags=\count449
\c@continuedfloat=\count450
Package caption Info: hyperref package is loaded.
Package caption Info: Hyperref support is turned off
(caption)             because hyperref has stopped early.
) (D:\PROGRAMAS\MIKTEX\tex/latex/ragged2e\ragged2e.sty
Package: ragged2e 2021/02/05 v3.0 ragged2e Package
 (D:\PROGRAMAS\MIKTEX\tex/latex/everysel\everysel.sty
Package: everysel 2021/01/20 v2.1 EverySelectfont Package (MS)
 (D:\PROGRAMAS\MIKTEX\tex/latex/everysel\everysel-2011-10-28.sty))
\CenteringLeftskip=\skip86
\RaggedLeftLeftskip=\skip87
\RaggedRightLeftskip=\skip88
\CenteringRightskip=\skip89
\RaggedLeftRightskip=\skip90
\RaggedRightRightskip=\skip91
\CenteringParfillskip=\skip92
\RaggedLeftParfillskip=\skip93
\RaggedRightParfillskip=\skip94
\JustifyingParfillskip=\skip95
\CenteringParindent=\skip96
\RaggedLeftParindent=\skip97
\RaggedRightParindent=\skip98
\JustifyingParindent=\skip99
) (D:\PROGRAMAS\MIKTEX\tex/latex/pgf/frontendlayer\tikz.sty (D:\PROGRAMAS\MIKTEX\tex/latex/pgf/basiclayer\pgf.sty
Package: pgf 2020/12/27 v3.1.8b (3.1.8b)
 (D:\PROGRAMAS\MIKTEX\tex/generic/pgf/modules\pgfmoduleshapes.code.tex
File: pgfmoduleshapes.code.tex 2020/12/27 v3.1.8b (3.1.8b)
\pgfnodeparttextbox=\box74
) (D:\PROGRAMAS\MIKTEX\tex/generic/pgf/modules\pgfmoduleplot.code.tex
File: pgfmoduleplot.code.tex 2020/12/27 v3.1.8b (3.1.8b)
) (D:\PROGRAMAS\MIKTEX\tex/latex/pgf/compatibility\pgfcomp-version-0-65.sty
Package: pgfcomp-version-0-65 2020/12/27 v3.1.8b (3.1.8b)
\pgf@nodesepstart=\dimen299
\pgf@nodesepend=\dimen300
) (D:\PROGRAMAS\MIKTEX\tex/latex/pgf/compatibility\pgfcomp-version-1-18.sty
Package: pgfcomp-version-1-18 2020/12/27 v3.1.8b (3.1.8b)
)) (D:\PROGRAMAS\MIKTEX\tex/latex/pgf/utilities\pgffor.sty (D:\PROGRAMAS\MIKTEX\tex/latex/pgf/utilities\pgfkeys.sty (D:\PROGRAMAS\MIKTEX\tex/generic/pgf/utilities\pgfkeys.code.tex)) (D:\PROGRAMAS\MIKTEX\tex/latex/pgf/math\pgfmath.sty (D:\PROGRAMAS\MIKTEX\tex/generic/pgf/math\pgfmath.code.tex)) (D:\PROGRAMAS\MIKTEX\tex/generic/pgf/utilities\pgffor.code.tex
Package: pgffor 2020/12/27 v3.1.8b (3.1.8b)
 (D:\PROGRAMAS\MIKTEX\tex/generic/pgf/math\pgfmath.code.tex)
\pgffor@iter=\dimen301
\pgffor@skip=\dimen302
\pgffor@stack=\toks47
\pgffor@toks=\toks48
)) (D:\PROGRAMAS\MIKTEX\tex/generic/pgf/frontendlayer/tikz\tikz.code.tex
Package: tikz 2020/12/27 v3.1.8b (3.1.8b)
 (D:\PROGRAMAS\MIKTEX\tex/generic/pgf/libraries\pgflibraryplothandlers.code.tex
File: pgflibraryplothandlers.code.tex 2020/12/27 v3.1.8b (3.1.8b)
\pgf@plot@mark@count=\count451
\pgfplotmarksize=\dimen303
)
\tikz@lastx=\dimen304
\tikz@lasty=\dimen305
\tikz@lastxsaved=\dimen306
\tikz@lastysaved=\dimen307
\tikz@lastmovetox=\dimen308
\tikz@lastmovetoy=\dimen309
\tikzleveldistance=\dimen310
\tikzsiblingdistance=\dimen311
\tikz@figbox=\box75
\tikz@figbox@bg=\box76
\tikz@tempbox=\box77
\tikz@tempbox@bg=\box78
\tikztreelevel=\count452
\tikznumberofchildren=\count453
\tikznumberofcurrentchild=\count454
\tikz@fig@count=\count455
 (D:\PROGRAMAS\MIKTEX\tex/generic/pgf/modules\pgfmodulematrix.code.tex
File: pgfmodulematrix.code.tex 2020/12/27 v3.1.8b (3.1.8b)
\pgfmatrixcurrentrow=\count456
\pgfmatrixcurrentcolumn=\count457
\pgf@matrix@numberofcolumns=\count458
)
\tikz@expandcount=\count459
 (D:\PROGRAMAS\MIKTEX\tex/generic/pgf/frontendlayer/tikz/libraries\tikzlibrarytopaths.code.tex
File: tikzlibrarytopaths.code.tex 2020/12/27 v3.1.8b (3.1.8b)
))) (D:\PROGRAMAS\MIKTEX\tex/latex/aobs-tikz\aobs-tikz.sty
Package: aobs-tikz 2014/01/12 v1.0 Auxiliary TikZ styles for picture overlay in Beamer
 (D:\PROGRAMAS\MIKTEX\tex/latex/aobs-tikz\tikzlibraryoverlay-beamer-styles.code.tex))

Package hyperref Warning: Token not allowed in a PDF string (Unicode):
(hyperref)                removing `\\' on input line 144.


Package hyperref Warning: Token not allowed in a PDF string (Unicode):
(hyperref)                removing `\\' on input line 144.


Package hyperref Warning: Token not allowed in a PDF string (Unicode):
(hyperref)                removing `\\' on input line 144.


Package hyperref Warning: Token not allowed in a PDF string (Unicode):
(hyperref)                removing `\\' on input line 144.


Package biblatex Warning: 'babel/polyglossia' detected but 'csquotes' missing.
(biblatex)                Loading 'csquotes' recommended.

\@quotelevel=\count460
\@quotereset=\count461
(D:\PROGRAMAS\MIKTEX\tex/latex/l3backend\l3backend-pdftex.def
File: l3backend-pdftex.def 2021-03-18 L3 backend support: PDF output (pdfTeX)
\l__color_backend_stack_int=\count462
\l__pdf_internal_box=\box79
) (d:/WORKSPACES_NO_CLOUD\LATEX\SIGE-APRESENTACAO\sige-apresentacao.aux)
\openout1 = `sige-apresentacao.aux'.

LaTeX Font Info:    Checking defaults for OML/cmm/m/it on input line 177.
LaTeX Font Info:    ... okay on input line 177.
LaTeX Font Info:    Checking defaults for OMS/cmsy/m/n on input line 177.
LaTeX Font Info:    ... okay on input line 177.
LaTeX Font Info:    Checking defaults for OT1/cmr/m/n on input line 177.
LaTeX Font Info:    ... okay on input line 177.
LaTeX Font Info:    Checking defaults for T1/cmr/m/n on input line 177.
LaTeX Font Info:    ... okay on input line 177.
LaTeX Font Info:    Checking defaults for TS1/cmr/m/n on input line 177.
LaTeX Font Info:    ... okay on input line 177.
LaTeX Font Info:    Checking defaults for OMX/cmex/m/n on input line 177.
LaTeX Font Info:    ... okay on input line 177.
LaTeX Font Info:    Checking defaults for U/cmr/m/n on input line 177.
LaTeX Font Info:    ... okay on input line 177.
LaTeX Font Info:    Checking defaults for PD1/pdf/m/n on input line 177.
LaTeX Font Info:    ... okay on input line 177.
LaTeX Font Info:    Checking defaults for PU/pdf/m/n on input line 177.
LaTeX Font Info:    ... okay on input line 177.

*geometry* driver: auto-detecting
*geometry* detected driver: pdftex
*geometry* verbose mode - [ preamble ] result:
* driver: pdftex
* paper: custom
* layout: <same size as paper>
* layoutoffset:(h,v)=(0.0pt,0.0pt)
* modes: includehead includefoot 
* h-part:(L,W,R)=(28.45274pt, 398.3386pt, 28.45274pt)
* v-part:(T,H,B)=(0.0pt, 256.0748pt, 0.0pt)
* \paperwidth=455.24408pt
* \paperheight=256.0748pt
* \textwidth=398.3386pt
* \textheight=227.62207pt
* \oddsidemargin=-43.81725pt
* \evensidemargin=-43.81725pt
* \topmargin=-72.26999pt
* \headheight=14.22636pt
* \headsep=0.0pt
* \topskip=11.0pt
* \footskip=14.22636pt
* \marginparwidth=4.0pt
* \marginparsep=10.0pt
* \columnsep=10.0pt
* \skip\footins=10.0pt plus 4.0pt minus 2.0pt
* \hoffset=0.0pt
* \voffset=0.0pt
* \mag=1000
* \@twocolumnfalse
* \@twosidefalse
* \@mparswitchfalse
* \@reversemarginfalse
* (1in=72.27pt=25.4mm, 1cm=28.453pt)

(D:\PROGRAMAS\MIKTEX\tex/context/base/mkii\supp-pdf.mkii
[Loading MPS to PDF converter (version 2006.09.02).]
\scratchcounter=\count463
\scratchdimen=\dimen312
\scratchbox=\box80
\nofMPsegments=\count464
\nofMParguments=\count465
\everyMPshowfont=\toks49
\MPscratchCnt=\count466
\MPscratchDim=\dimen313
\MPnumerator=\count467
\makeMPintoPDFobject=\count468
\everyMPtoPDFconversion=\toks50
) (D:\PROGRAMAS\MIKTEX\tex/latex/epstopdf-pkg\epstopdf-base.sty
Package: epstopdf-base 2020-01-24 v2.11 Base part for package epstopdf
Package epstopdf-base Info: Redefining graphics rule for `.eps' on input line 485.
 (D:\PROGRAMAS\MIKTEX\tex/latex/00miktex\epstopdf-sys.cfg
File: epstopdf-sys.cfg 2021/03/18 v2.0 Configuration of epstopdf for MiKTeX
))
Package hyperref Info: Link coloring OFF on input line 177.
 (D:\PROGRAMAS\MIKTEX\tex/latex/hyperref\nameref.sty
Package: nameref 2021-04-02 v2.47 Cross-referencing by name of section
 (D:\PROGRAMAS\MIKTEX\tex/latex/refcount\refcount.sty
Package: refcount 2019/12/15 v3.6 Data extraction from label references (HO)
) (D:\PROGRAMAS\MIKTEX\tex/generic/gettitlestring\gettitlestring.sty
Package: gettitlestring 2019/12/15 v1.6 Cleanup title references (HO)
)
\c@section@level=\count469
)
LaTeX Info: Redefining \ref on input line 177.
LaTeX Info: Redefining \pageref on input line 177.
LaTeX Info: Redefining \nameref on input line 177.
 (d:/WORKSPACES_NO_CLOUD\LATEX\SIGE-APRESENTACAO\sige-apresentacao.out) (d:/WORKSPACES_NO_CLOUD\LATEX\SIGE-APRESENTACAO\sige-apresentacao.out)
\@outlinefile=\write6
\openout6 = `sige-apresentacao.out'.

LaTeX Font Info:    Overwriting symbol font `operators' in version `normal'
(Font)                  OT1/cmr/m/n --> OT1/cmss/m/n on input line 177.
LaTeX Font Info:    Overwriting symbol font `operators' in version `bold'
(Font)                  OT1/cmr/bx/n --> OT1/cmss/b/n on input line 177.
\symnumbers=\mathgroup6
\sympureletters=\mathgroup7
LaTeX Font Info:    Overwriting math alphabet `\mathrm' in version `normal'
(Font)                  OT1/cmss/m/n --> T1/ptm/m/n on input line 177.
LaTeX Font Info:    Redeclaring math alphabet \mathbf on input line 177.
LaTeX Font Info:    Overwriting math alphabet `\mathbf' in version `normal'
(Font)                  OT1/cmr/bx/n --> T1/phv/b/n on input line 177.
LaTeX Font Info:    Overwriting math alphabet `\mathbf' in version `bold'
(Font)                  OT1/cmr/bx/n --> T1/phv/b/n on input line 177.
LaTeX Font Info:    Redeclaring math alphabet \mathsf on input line 177.
LaTeX Font Info:    Overwriting math alphabet `\mathsf' in version `normal'
(Font)                  OT1/cmss/m/n --> T1/phv/m/n on input line 177.
LaTeX Font Info:    Overwriting math alphabet `\mathsf' in version `bold'
(Font)                  OT1/cmss/bx/n --> T1/phv/m/n on input line 177.
LaTeX Font Info:    Redeclaring math alphabet \mathit on input line 177.
LaTeX Font Info:    Overwriting math alphabet `\mathit' in version `normal'
(Font)                  OT1/cmr/m/it --> T1/phv/m/it on input line 177.
LaTeX Font Info:    Overwriting math alphabet `\mathit' in version `bold'
(Font)                  OT1/cmr/bx/it --> T1/phv/m/it on input line 177.
LaTeX Font Info:    Redeclaring math alphabet \mathtt on input line 177.
LaTeX Font Info:    Overwriting math alphabet `\mathtt' in version `normal'
(Font)                  OT1/cmtt/m/n --> T1/pcr/m/n on input line 177.
LaTeX Font Info:    Overwriting math alphabet `\mathtt' in version `bold'
(Font)                  OT1/cmtt/m/n --> T1/pcr/m/n on input line 177.
LaTeX Font Info:    Overwriting symbol font `numbers' in version `bold'
(Font)                  T1/phv/m/n --> T1/phv/b/n on input line 177.
LaTeX Font Info:    Overwriting symbol font `pureletters' in version `bold'
(Font)                  T1/phv/m/it --> T1/phv/b/it on input line 177.
LaTeX Font Info:    Overwriting math alphabet `\mathrm' in version `bold'
(Font)                  OT1/cmss/b/n --> T1/ptm/b/n on input line 177.
LaTeX Font Info:    Overwriting math alphabet `\mathbf' in version `bold'
(Font)                  T1/phv/b/n --> T1/phv/b/n on input line 177.
LaTeX Font Info:    Overwriting math alphabet `\mathsf' in version `bold'
(Font)                  T1/phv/m/n --> T1/phv/b/n on input line 177.
LaTeX Font Info:    Overwriting math alphabet `\mathit' in version `bold'
(Font)                  T1/phv/m/it --> T1/phv/b/it on input line 177.
LaTeX Font Info:    Overwriting math alphabet `\mathtt' in version `bold'
(Font)                  T1/pcr/m/n --> T1/pcr/b/n on input line 177.
 (D:\PROGRAMAS\MIKTEX\tex/latex/translator\translator-basic-dictionary-English.dict
Dictionary: translator-basic-dictionary, Language: English 
) (D:\PROGRAMAS\MIKTEX\tex/latex/translator\translator-bibliography-dictionary-English.dict
Dictionary: translator-bibliography-dictionary, Language: English 
) (D:\PROGRAMAS\MIKTEX\tex/latex/translator\translator-environment-dictionary-English.dict
Dictionary: translator-environment-dictionary, Language: English 
) (D:\PROGRAMAS\MIKTEX\tex/latex/translator\translator-months-dictionary-English.dict
Dictionary: translator-months-dictionary, Language: English 
) (D:\PROGRAMAS\MIKTEX\tex/latex/translator\translator-numbers-dictionary-English.dict
Dictionary: translator-numbers-dictionary, Language: English 
) (D:\PROGRAMAS\MIKTEX\tex/latex/translator\translator-theorem-dictionary-English.dict
Dictionary: translator-theorem-dictionary, Language: English 
)
Package biblatex Info: Trying to load language 'portuguese'...
Package biblatex Info: ... file 'portuguese.lbx' found.
 (D:\PROGRAMAS\MIKTEX\tex/latex/biblatex/lbx\portuguese.lbx
File: portuguese.lbx 2020/12/31 v3.16 biblatex localization (PK/MW)
)
Package biblatex Info: Input encoding 'utf8' detected.
Package biblatex Info: Automatic encoding selection.
(biblatex)             Assuming data encoding 'utf8'.
Package biblatex Info: Document encoding is UTF8 ....
 (D:\PROGRAMAS\MIKTEX\tex/latex/l3kernel\expl3.sty
Package: expl3 2021-02-18 L3 programming layer (loader) 
)
Package biblatex Info: ... and expl3
(biblatex)             2021-02-18 L3 programming layer (loader) 
(biblatex)             is new enough (at least 2020/04/06),
(biblatex)             setting 'casechanger=expl3'.
 (D:\PROGRAMAS\MIKTEX\tex/latex/biblatex\blx-case-expl3.sty (D:\PROGRAMAS\MIKTEX\tex/latex/l3packages/xparse\xparse.sty (D:\PROGRAMAS\MIKTEX\tex/latex/l3packages/xparse\xparse-2020-10-01.sty (D:\PROGRAMAS\MIKTEX\tex/latex/l3packages/xparse\xparse-generic.tex)))
Package: blx-case-expl3 2020/12/31 v3.16 expl3 case changing code for biblatex
)
\openout5 = `sige-apresentacao.bcf'.

Package biblatex Info: Trying to load bibliographic data...
Package biblatex Info: ... file 'sige-apresentacao.bbl' found.
 (d:/WORKSPACES_NO_CLOUD\LATEX\SIGE-APRESENTACAO\sige-apresentacao.bbl)
Package biblatex Info: Reference section=0 on input line 177.
Package biblatex Info: Reference segment=0 on input line 177.
Package caption Info: Begin \AtBeginDocument code.
Package caption Info: End \AtBeginDocument code.
 ABD: EverySelectfont initializing macros
LaTeX Info: Redefining \selectfont on input line 177.
 (d:/WORKSPACES_NO_CLOUD\LATEX\SIGE-APRESENTACAO\sige-apresentacao.nav)
Overfull \hbox (5.67778pt too wide) in paragraph at lines 177--177
[][]  
 []

<figs/template_Slide1_apresentacoes.png, id=70, 963.6pt x 539.1342pt>
File: figs/template_Slide1_apresentacoes.png Graphic file (type png)
<use figs/template_Slide1_apresentacoes.png>
Package pdftex.def Info: figs/template_Slide1_apresentacoes.png  used on input line 212.
(pdftex.def)             Requested size: 455.24408pt x 254.70935pt.
[1

{C:/Users/oswal/AppData/Local/MiKTeX/pdftex/config/pdftex.map} <d:/WORKSPACES_NO_CLOUD/LATEX/SIGE-APRESENTACAO/figs/template_Slide1_apresentacoes.png>]
LaTeX Font Info:    Font shape `T1/phv/m/it' in size <10.95> not available
(Font)              Font shape `T1/phv/m/sl' tried instead on input line 226.

Overfull \hbox (5.67778pt too wide) has occurred while \output is active
[][] 
 []

[2

 <d:/WORKSPACES_NO_CLOUD/LATEX/SIGE-APRESENTACAO/figs/sige.png>] (d:/WORKSPACES_NO_CLOUD\LATEX\SIGE-APRESENTACAO\sige-apresentacao.toc)
Overfull \hbox (5.67778pt too wide) has occurred while \output is active
[][] 
 []

[3

] (d:/WORKSPACES_NO_CLOUD\LATEX\SIGE-APRESENTACAO\sige-apresentacao.toc) [4

]
<figs/cenario-atual1.png, id=220, 1469.74358pt x 850.50378pt>
File: figs/cenario-atual1.png Graphic file (type png)
<use figs/cenario-atual1.png>
Package pdftex.def Info: figs/cenario-atual1.png  used on input line 298.
(pdftex.def)             Requested size: 286.80426pt x 165.95787pt.

Overfull \hbox (5.67778pt too wide) has occurred while \output is active
[][] 
 []

[5

 <d:/WORKSPACES_NO_CLOUD/LATEX/SIGE-APRESENTACAO/figs/cenario-atual1.png>]
<figs/cenario-atual2.png, id=253, 1469.74358pt x 850.50378pt>
File: figs/cenario-atual2.png Graphic file (type png)
<use figs/cenario-atual2.png>
Package pdftex.def Info: figs/cenario-atual2.png  used on input line 298.
(pdftex.def)             Requested size: 286.80426pt x 165.95787pt.

Overfull \hbox (5.67778pt too wide) has occurred while \output is active
[][] 
 []

[6

 <d:/WORKSPACES_NO_CLOUD/LATEX/SIGE-APRESENTACAO/figs/cenario-atual2.png>]
<figs/cenario-atual3.png, id=286, 1469.74358pt x 850.50378pt>
File: figs/cenario-atual3.png Graphic file (type png)
<use figs/cenario-atual3.png>
Package pdftex.def Info: figs/cenario-atual3.png  used on input line 298.
(pdftex.def)             Requested size: 286.80426pt x 165.95787pt.

Overfull \hbox (5.67778pt too wide) has occurred while \output is active
[][] 
 []

[7

 <d:/WORKSPACES_NO_CLOUD/LATEX/SIGE-APRESENTACAO/figs/cenario-atual3.png>]
<figs/trending-simulation-architecture.png, id=319, 579.66562pt x 313.9228pt>
File: figs/trending-simulation-architecture.png Graphic file (type png)
<use figs/trending-simulation-architecture.png>
Package pdftex.def Info: figs/trending-simulation-architecture.png  used on input line 334.
(pdftex.def)             Requested size: 258.91765pt x 140.21971pt.

Overfull \vbox (1.73508pt too high) detected at line 334
 []


Overfull \hbox (5.67778pt too wide) has occurred while \output is active
[][] 
 []

[8

 <d:/WORKSPACES_NO_CLOUD/LATEX/SIGE-APRESENTACAO/figs/trending-simulation-architecture.png>]
<figs/Topology-parwise.png, id=354, 384.43625pt x 263.98625pt>
File: figs/Topology-parwise.png Graphic file (type png)
<use figs/Topology-parwise.png>
Package pdftex.def Info: figs/Topology-parwise.png  used on input line 375.
(pdftex.def)             Requested size: 115.51855pt x 79.32538pt.
LaTeX Font Info:    Font shape `T1/phv/m/it' in size <8> not available
(Font)              Font shape `T1/phv/m/sl' tried instead on input line 375.
LaTeX Font Info:    Trying to load font information for U+msa on input line 375.
 (D:\PROGRAMAS\MIKTEX\tex/latex/amsfonts\umsa.fd
File: umsa.fd 2013/01/14 v3.01 AMS symbols A
)
LaTeX Font Info:    Trying to load font information for U+msb on input line 375.
 (D:\PROGRAMAS\MIKTEX\tex/latex/amsfonts\umsb.fd
File: umsb.fd 2013/01/14 v3.01 AMS symbols B
)
LaTeX Font Info:    Font shape `T1/phv/m/it' in size <6> not available
(Font)              Font shape `T1/phv/m/sl' tried instead on input line 375.
<figs/Topology-service-bus.png, id=355, 711.65875pt x 215.80624pt>
File: figs/Topology-service-bus.png Graphic file (type png)
<use figs/Topology-service-bus.png>
Package pdftex.def Info: figs/Topology-service-bus.png  used on input line 375.
(pdftex.def)             Requested size: 199.1693pt x 60.39569pt.

Overfull \hbox (5.67778pt too wide) has occurred while \output is active
[][] 
 []

[9

 <d:/WORKSPACES_NO_CLOUD/LATEX/SIGE-APRESENTACAO/figs/Topology-parwise.png> <d:/WORKSPACES_NO_CLOUD/LATEX/SIGE-APRESENTACAO/figs/Topology-service-bus.png>] (d:/WORKSPACES_NO_CLOUD\LATEX\SIGE-APRESENTACAO\sige-apresentacao.toc) [10

]
<figs/rti.pdf, id=424, 588.27782pt x 302.0886pt>
File: figs/rti.pdf Graphic file (type pdf)
<use figs/rti.pdf>
Package pdftex.def Info: figs/rti.pdf  used on input line 420.
(pdftex.def)             Requested size: 239.00558pt x 122.73239pt.
LaTeX Font Info:    Font shape `T1/phv/m/it' in size <14.4> not available
(Font)              Font shape `T1/phv/m/sl' tried instead on input line 420.

Overfull \hbox (5.67778pt too wide) has occurred while \output is active
[][] 
 []

[11

 <d:/WORKSPACES_NO_CLOUD/LATEX/SIGE-APRESENTACAO/figs/rti.pdf>]
<figs/rti-fom.pdf, id=471, 588.27782pt x 302.0886pt>
File: figs/rti-fom.pdf Graphic file (type pdf)
<use figs/rti-fom.pdf>
Package pdftex.def Info: figs/rti-fom.pdf  used on input line 420.
(pdftex.def)             Requested size: 239.00558pt x 122.73239pt.

Overfull \hbox (5.67778pt too wide) has occurred while \output is active
[][] 
 []

[12

 <d:/WORKSPACES_NO_CLOUD/LATEX/SIGE-APRESENTACAO/figs/rti-fom.pdf>]
<figs/crc.png, id=523, 357.7365pt x 137.313pt>
File: figs/crc.png Graphic file (type png)
<use figs/crc.png>
Package pdftex.def Info: figs/crc.png  used on input line 462.
(pdftex.def)             Requested size: 199.1693pt x 76.44846pt.

Overfull \hbox (7.29918pt too wide) in paragraph at lines 462--462
 [] 
 []

<figs/lrc.png, id=524, 231.264pt x 137.313pt>
File: figs/lrc.png Graphic file (type png)
<use figs/lrc.png>
Package pdftex.def Info: figs/lrc.png  used on input line 462.
(pdftex.def)             Requested size: 129.45882pt x 76.8696pt.

Overfull \hbox (5.67778pt too wide) has occurred while \output is active
[][] 
 []

[13

 <d:/WORKSPACES_NO_CLOUD/LATEX/SIGE-APRESENTACAO/figs/crc.png> <d:/WORKSPACES_NO_CLOUD/LATEX/SIGE-APRESENTACAO/figs/lrc.png>]
File: figs/crc.png Graphic file (type png)
<use figs/crc.png>
Package pdftex.def Info: figs/crc.png  used on input line 462.
(pdftex.def)             Requested size: 199.1693pt x 76.44846pt.

Overfull \hbox (7.29918pt too wide) in paragraph at lines 462--462
 [] 
 []

File: figs/lrc.png Graphic file (type png)
<use figs/lrc.png>
Package pdftex.def Info: figs/lrc.png  used on input line 462.
(pdftex.def)             Requested size: 129.45882pt x 76.8696pt.

Overfull \hbox (5.67778pt too wide) has occurred while \output is active
[][] 
 []

[14

]
<figs/estrutura-vm.pdf, id=589, 260.89468pt x 167.6664pt>
File: figs/estrutura-vm.pdf Graphic file (type pdf)
<use figs/estrutura-vm.pdf>
Package pdftex.def Info: figs/estrutura-vm.pdf  used on input line 510.
(pdftex.def)             Requested size: 159.33604pt x 102.39914pt.
<figs/estrutura-container.pdf, id=590, 260.89468pt x 139.4811pt>
File: figs/estrutura-container.pdf Graphic file (type pdf)
<use figs/estrutura-container.pdf>
Package pdftex.def Info: figs/estrutura-container.pdf  used on input line 510.
(pdftex.def)             Requested size: 159.33604pt x 85.18549pt.

Overfull \hbox (5.67778pt too wide) has occurred while \output is active
[][] 
 []

[15

 <d:/WORKSPACES_NO_CLOUD/LATEX/SIGE-APRESENTACAO/figs/estrutura-vm.pdf> <d:/WORKSPACES_NO_CLOUD/LATEX/SIGE-APRESENTACAO/figs/estrutura-container.pdf>]
<figs/bridge.pdf, id=675, 521.0667pt x 337.26pt>
File: figs/bridge.pdf Graphic file (type pdf)
<use figs/bridge.pdf>
Package pdftex.def Info: figs/bridge.pdf  used on input line 548.
(pdftex.def)             Requested size: 149.37697pt x 96.68103pt.

Overfull \hbox (5.67778pt too wide) has occurred while \output is active
[][] 
 []

[16

 <d:/WORKSPACES_NO_CLOUD/LATEX/SIGE-APRESENTACAO/figs/bridge.pdf>] (d:/WORKSPACES_NO_CLOUD\LATEX\SIGE-APRESENTACAO\sige-apresentacao.toc) [17

]
<figs/rtiref.jpg, id=756, 708.39656pt x 333.49594pt>
File: figs/rtiref.jpg Graphic file (type jpg)
<use figs/rtiref.jpg>
Package pdftex.def Info: figs/rtiref.jpg  used on input line 585.
(pdftex.def)             Requested size: 258.91765pt x 121.89548pt.

Overfull \hbox (5.67778pt too wide) has occurred while \output is active
[][] 
 []

[18

 <d:/WORKSPACES_NO_CLOUD/LATEX/SIGE-APRESENTACAO/figs/rtiref.jpg>]
<figs/rtiref2.jpg, id=791, 708.39656pt x 333.49594pt>
File: figs/rtiref2.jpg Graphic file (type jpg)
<use figs/rtiref2.jpg>
Package pdftex.def Info: figs/rtiref2.jpg  used on input line 585.
(pdftex.def)             Requested size: 258.91765pt x 121.89548pt.

Overfull \hbox (5.67778pt too wide) has occurred while \output is active
[][] 
 []

[19

 <d:/WORKSPACES_NO_CLOUD/LATEX/SIGE-APRESENTACAO/figs/rtiref2.jpg>] (d:/WORKSPACES_NO_CLOUD\LATEX\SIGE-APRESENTACAO\sige-apresentacao.toc) [20

]
<figs/abordagem-proposta.pdf, id=860, 536.0025pt x 225.7233pt>
File: figs/abordagem-proposta.pdf Graphic file (type pdf)
<use figs/abordagem-proposta.pdf>
Package pdftex.def Info: figs/abordagem-proposta.pdf  used on input line 617.
(pdftex.def)             Requested size: 258.91765pt x 109.03479pt.

Overfull \hbox (5.67778pt too wide) has occurred while \output is active
[][] 
 []

[21

 <d:/WORKSPACES_NO_CLOUD/LATEX/SIGE-APRESENTACAO/figs/abordagem-proposta.pdf>]
<figs/arcanjo.png, id=910, 651.43375pt x 752.8125pt>
File: figs/arcanjo.png Graphic file (type png)
<use figs/arcanjo.png>
Package pdftex.def Info: figs/arcanjo.png  used on input line 657.
(pdftex.def)             Requested size: 79.66649pt x 92.05664pt.

Overfull \hbox (5.67778pt too wide) has occurred while \output is active
[][] 
 []

[22

 <d:/WORKSPACES_NO_CLOUD/LATEX/SIGE-APRESENTACAO/figs/arcanjo.png>]
<figs/arcanjogeral.jpg, id=954, 719.68875pt x 554.07pt>
File: figs/arcanjogeral.jpg Graphic file (type jpg)
<use figs/arcanjogeral.jpg>
Package pdftex.def Info: figs/arcanjogeral.jpg  used on input line 698.
(pdftex.def)             Requested size: 177.49805pt x 136.64873pt.

Overfull \hbox (5.5461pt too wide) in paragraph at lines 698--698
 [] 
 []

<figs/map-objects.png, id=955, 450.2421pt x 323.0469pt>
File: figs/map-objects.png Graphic file (type png)
<use figs/map-objects.png>
Package pdftex.def Info: figs/map-objects.png  used on input line 698.
(pdftex.def)             Requested size: 199.68318pt x 143.26988pt.

Overfull \hbox (5.67778pt too wide) has occurred while \output is active
[][] 
 []

[23

 <d:/WORKSPACES_NO_CLOUD/LATEX/SIGE-APRESENTACAO/figs/arcanjogeral.jpg> <d:/WORKSPACES_NO_CLOUD/LATEX/SIGE-APRESENTACAO/figs/map-objects.png>]
File: figs/arcanjogeral.jpg Graphic file (type jpg)
<use figs/arcanjogeral.jpg>
Package pdftex.def Info: figs/arcanjogeral.jpg  used on input line 698.
(pdftex.def)             Requested size: 177.49805pt x 136.64873pt.

Overfull \hbox (5.5461pt too wide) in paragraph at lines 698--698
 [] 
 []

File: figs/map-objects.png Graphic file (type png)
<use figs/map-objects.png>
Package pdftex.def Info: figs/map-objects.png  used on input line 698.
(pdftex.def)             Requested size: 199.68318pt x 143.26988pt.

Overfull \hbox (5.67778pt too wide) has occurred while \output is active
[][] 
 []

[24

]
<figs/arcanjo-estudo-de-caso.png, id=1018, 619.23979pt x 321.79169pt>
File: figs/arcanjo-estudo-de-caso.png Graphic file (type png)
<use figs/arcanjo-estudo-de-caso.png>
Package pdftex.def Info: figs/arcanjo-estudo-de-caso.png  used on input line 725.
(pdftex.def)             Requested size: 199.1693pt x 103.49591pt.

Overfull \hbox (7.29918pt too wide) in paragraph at lines 725--725
 [] 
 []

<figs/xplane-screenshot.png, id=1019, 969.93947pt x 569.03116pt>
File: figs/xplane-screenshot.png Graphic file (type png)
<use figs/xplane-screenshot.png>
Package pdftex.def Info: figs/xplane-screenshot.png  used on input line 725.
(pdftex.def)             Requested size: 199.1693pt x 116.84315pt.

Overfull \hbox (7.29918pt too wide) in paragraph at lines 725--725
 [] 
 []


Overfull \hbox (5.67778pt too wide) has occurred while \output is active
[][] 
 []

[25

 <d:/WORKSPACES_NO_CLOUD/LATEX/SIGE-APRESENTACAO/figs/arcanjo-estudo-de-caso.png> <d:/WORKSPACES_NO_CLOUD/LATEX/SIGE-APRESENTACAO/figs/xplane-screenshot.png>]
File: figs/arcanjo-estudo-de-caso.png Graphic file (type png)
<use figs/arcanjo-estudo-de-caso.png>
Package pdftex.def Info: figs/arcanjo-estudo-de-caso.png  used on input line 725.
(pdftex.def)             Requested size: 199.1693pt x 103.49591pt.

Overfull \hbox (7.29918pt too wide) in paragraph at lines 725--725
 [] 
 []

File: figs/xplane-screenshot.png Graphic file (type png)
<use figs/xplane-screenshot.png>
Package pdftex.def Info: figs/xplane-screenshot.png  used on input line 725.
(pdftex.def)             Requested size: 199.1693pt x 116.84315pt.

Overfull \hbox (7.29918pt too wide) in paragraph at lines 725--725
 [] 
 []


Overfull \hbox (5.67778pt too wide) has occurred while \output is active
[][] 
 []

[26

]
LaTeX Font Info:    Font shape `T1/phv/m/it' in size <10> not available
(Font)              Font shape `T1/phv/m/sl' tried instead on input line 774.
LaTeX Font Info:    Font shape `T1/phv/m/it' in size <7> not available
(Font)              Font shape `T1/phv/m/sl' tried instead on input line 774.
LaTeX Font Info:    Font shape `T1/phv/m/it' in size <5> not available
(Font)              Font shape `T1/phv/m/sl' tried instead on input line 774.

Overfull \hbox (5.67778pt too wide) has occurred while \output is active
[][] 
 []

[27

]
Overfull \hbox (5.67778pt too wide) has occurred while \output is active
[][] 
 []

[28

]
<figs/test-latency.pdf, id=1205, 433.62pt x 113.4639pt>
File: figs/test-latency.pdf Graphic file (type pdf)
<use figs/test-latency.pdf>
Package pdftex.def Info: figs/test-latency.pdf  used on input line 822.
(pdftex.def)             Requested size: 318.67209pt x 83.39063pt.

Overfull \hbox (5.67778pt too wide) has occurred while \output is active
[][] 
 []

[29

 <d:/WORKSPACES_NO_CLOUD/LATEX/SIGE-APRESENTACAO/figs/test-latency.pdf>] (d:/WORKSPACES_NO_CLOUD\LATEX\SIGE-APRESENTACAO\sige-apresentacao.toc) [30

]
Overfull \hbox (5.67778pt too wide) has occurred while \output is active
[][] 
 []

[31

]
Overfull \hbox (5.67778pt too wide) has occurred while \output is active
[][] 
 []

[32

]
Overfull \hbox (5.67778pt too wide) has occurred while \output is active
[][] 
 []

[33

]
Overfull \hbox (5.67778pt too wide) has occurred while \output is active
[][] 
 []

[34

] (d:/WORKSPACES_NO_CLOUD\LATEX\SIGE-APRESENTACAO\sige-apresentacao.toc)
Overfull \hbox (5.67778pt too wide) has occurred while \output is active
[][] 
 []

[35

]
Overfull \hbox (5.67778pt too wide) has occurred while \output is active
[][] 
 []

[36

]
<figs/sige-capa.png, id=1561, 529.2573pt x 201.3924pt>
File: figs/sige-capa.png Graphic file (type png)
<use figs/sige-capa.png>
Package pdftex.def Info: figs/sige-capa.png  used on input line 919.
(pdftex.def)             Requested size: 159.333pt x 60.62714pt.
 [37

 <d:/WORKSPACES_NO_CLOUD/LATEX/SIGE-APRESENTACAO/figs/sige-capa.png>]
\tf@nav=\write7
\openout7 = `sige-apresentacao.nav'.

\tf@toc=\write8
\openout8 = `sige-apresentacao.toc'.

\tf@snm=\write9
\openout9 = `sige-apresentacao.snm'.

 (d:/WORKSPACES_NO_CLOUD\LATEX\SIGE-APRESENTACAO\sige-apresentacao.aux)
Package rerunfilecheck Info: File `sige-apresentacao.out' has not changed.
(rerunfilecheck)             Checksum: 9E27797CB6575F356C64E26978555D3A;661.
Package logreq Info: Writing requests to 'sige-apresentacao.run.xml'.
\openout1 = `sige-apresentacao.run.xml'.

 ) 
Here is how much of TeX's memory you used:
 33549 strings out of 479321
 645727 string characters out of 2868433
 1365847 words of memory out of 3000000
 50248 multiletter control sequences out of 15000+600000
 452509 words of font info for 84 fonts, out of 8000000 for 9000
 1141 hyphenation exceptions out of 8191
 131i,20n,132p,797b,2309s stack positions out of 5000i,500n,10000p,200000b,80000s
pdfTeX warning (dest): name{cite.0@VandenBerg2017} has been referenced but does not exist, replaced by a fixed one

pdfTeX warning (dest): name{cite.0@Salio2012} has been referenced but does not exist, replaced by a fixed one

{D:/PROGRAMAS/MIKTEX/fonts/enc/dvips/base/8r.enc}<D:/PROGRAMAS/MIKTEX/fonts/type1/public/amsfonts/cm/cmsy10.pfb><D:/PROGRAMAS/MIKTEX/fonts/type1/public/amsfonts/symbols/msam10.pfb><D:/PROGRAMAS/MIKTEX/fonts/type1/urw/helvetic/uhvb8a.pfb><D:/PROGRAMAS/MIKTEX/fonts/type1/urw/helvetic/uhvr8a.pfb><D:/PROGRAMAS/MIKTEX/fonts/type1/urw/helvetic/uhvro8a.pfb>
Output written on d:/WORKSPACES_NO_CLOUD\LATEX\SIGE-APRESENTACAO\sige-apresentacao.pdf (37 pages, 10209114 bytes).
PDF statistics:
 1609 PDF objects out of 1728 (max. 8388607)
 83 named destinations out of 1000 (max. 500000)
 816 words of extra memory for PDF output out of 10000 (max. 10000000)

